<?xml version="1.0" encoding="UTF-8"?>
<testng-results ignored="0" total="1" passed="1" failed="0" skipped="0">
  <reporter-output>
  </reporter-output>
  <suite started-at="2025-05-24T14:41:55 IST" name="Default suite" finished-at="2025-05-24T14:42:05 IST" duration-ms="10029">
    <groups>
      <group name="Smoke">
        <method signature="TestSearch.searchEmployee()[pri:1, instance:testsPack.TestSearch@5c7933ad]" name="searchEmployee" class="testsPack.TestSearch"/>
      </group> <!-- Smoke -->
    </groups>
    <test started-at="2025-05-24T14:41:55 IST" name="Default test" finished-at="2025-05-24T14:42:05 IST" duration-ms="10029">
      <class name="testsPack.TestSearch">
        <test-method is-config="true" signature="beforeTest()[pri:0, instance:testsPack.TestSearch@5c7933ad]" started-at="2025-05-24T14:41:55 IST" name="beforeTest" finished-at="2025-05-24T14:42:00 IST" duration-ms="5068" status="PASS">
          <reporter-output>
          </reporter-output>
        </test-method> <!-- beforeTest -->
        <test-method signature="searchEmployee()[pri:1, instance:testsPack.TestSearch@5c7933ad]" started-at="2025-05-24T14:42:00 IST" name="searchEmployee" description="Verify that the search functionality returns the correct employee" finished-at="2025-05-24T14:42:05 IST" duration-ms="4896" status="PASS">
          <reporter-output>
          </reporter-output>
        </test-method> <!-- searchEmployee -->
        <test-method is-config="true" signature="afterTest()[pri:0, instance:testsPack.TestSearch@5c7933ad]" started-at="2025-05-24T14:42:05 IST" name="afterTest" finished-at="2025-05-24T14:42:05 IST" duration-ms="1" status="PASS">
          <reporter-output>
          </reporter-output>
        </test-method> <!-- afterTest -->
      </class> <!-- testsPack.TestSearch -->
    </test> <!-- Default test -->
  </suite> <!-- Default suite -->
</testng-results>
